s,p,o,count
http://eurovoc.europa.eu/schema#SimpleNonPreferredTerm,http://eurovoc.europa.eu/schema#fullName,http://www.w3.org/2008/05/skos-xl#Label,3271
http://eurovoc.europa.eu/schema#PreferredTerm,http://eurovoc.europa.eu/schema#shortName,http://www.w3.org/2008/05/skos-xl#Label,60
http://eurovoc.europa.eu/schema#ThesaurusConcept,http://www.w3.org/2004/02/skos/core#broaderTransitive,http://eurovoc.europa.eu/schema#ThesaurusConcept,6156
http://eurovoc.europa.eu/schema#ThesaurusConcept,http://purl.org/dc/elements/1.1/identifier,http://www.w3.org/2001/XMLSchema#string,6643
http://eurovoc.europa.eu/schema#ThesaurusConcept,http://www.w3.org/2004/02/skos/core#inScheme,http://eurovoc.europa.eu/schema#Thesaurus,6643
http://eurovoc.europa.eu/schema#Country,http://purl.org/dc/terms/modified,http://www.w3.org/2001/XMLSchema#dateTime,4
http://eurovoc.europa.eu/schema#ThesaurusConcept,http://eurovoc.europa.eu/schema#approvedForRelease,http://www.w3.org/2001/XMLSchema#string,219
http://eurovoc.europa.eu/schema#PreferredTerm,http://purl.org/dc/terms/modified,http://www.w3.org/2001/XMLSchema#dateTime,11
http://eurovoc.europa.eu/schema#Country,http://purl.org/dc/terms/created,http://www.w3.org/2001/XMLSchema#dateTime,6
http://eurovoc.europa.eu/schema#CompoundEquivalence,http://eurovoc.europa.eu/schema#preferredTermComponent,http://www.w3.org/2008/05/skos-xl#Label,88
http://eurovoc.europa.eu/schema#ThesaurusConcept,http://www.w3.org/2008/05/skos-xl#altLabel,http://eurovoc.europa.eu/schema#SimpleNonPreferredTerm,157400
http://eurovoc.europa.eu/schema#SimpleNonPreferredTerm,http://www.w3.org/2004/02/skos/core#historyNote,,4
http://www.w3.org/2008/05/skos-xl#Label,http://eurovoc.europa.eu/schema#shortName,http://eurovoc.europa.eu/schema#PreferredTerm,41
http://eurovoc.europa.eu/schema#Country,http://www.w3.org/1999/02/22-rdf-syntax-ns#type,http://eurovoc.europa.eu/schema#Country,480
http://eurovoc.europa.eu/schema#SimpleNonPreferredTerm,http://eurovoc.europa.eu/schema#fullName,http://eurovoc.europa.eu/schema#PreferredTerm,1174
http://www.w3.org/2008/05/skos-xl#Label,http://purl.org/dc/terms/modified,http://www.w3.org/2001/XMLSchema#dateTime,11
http://www.w3.org/2008/05/skos-xl#Label,http://eurovoc.europa.eu/schema#translationOf,http://www.w3.org/2008/05/skos-xl#Label,148
http://eurovoc.europa.eu/schema#ThesaurusConcept,http://www.w3.org/2004/02/skos/core#inScheme,http://eurovoc.europa.eu/schema#MicroThesaurus,6666
http://eurovoc.europa.eu/schema#ThesaurusConcept,http://eurovoc.europa.eu/schema#useInstead,http://eurovoc.europa.eu/schema#ThesaurusConcept,23
http://eurovoc.europa.eu/schema#CompoundEquivalence,http://www.w3.org/1999/02/22-rdf-syntax-ns#type,http://eurovoc.europa.eu/schema#CompoundEquivalence,44
http://eurovoc.europa.eu/schema#SimpleNonPreferredTerm,http://www.w3.org/2004/02/skos/core#definition,,87
http://eurovoc.europa.eu/schema#EquivalenceRelationship,http://eurovoc.europa.eu/schema#UF,http://www.w3.org/2008/05/skos-xl#Label,164201
http://eurovoc.europa.eu/schema#ThesaurusConcept,http://www.w3.org/2008/05/skos-xl#altLabel,http://www.w3.org/2008/05/skos-xl#Label,157488
http://eurovoc.europa.eu/schema#Thesaurus,http://eurovoc.europa.eu/schema#supportedLanguage,http://eurovoc.europa.eu/schema#Language,24
http://eurovoc.europa.eu/schema#CompoundEquivalence,http://eurovoc.europa.eu/schema#compoundNonPreferredTerm,http://eurovoc.europa.eu/schema#CompoundNonPreferredTerm,44
http://www.w3.org/2008/05/skos-xl#Label,http://www.w3.org/1999/02/22-rdf-syntax-ns#type,http://www.w3.org/2008/05/skos-xl#Label,658872
http://www.w3.org/2004/02/skos/core#Concept,http://www.w3.org/2004/02/skos/core#broader,http://eurovoc.europa.eu/schema#Country,10
http://eurovoc.europa.eu/schema#Language,http://eurovoc.europa.eu/schema#language,http://www.w3.org/2001/XMLSchema#string,24
http://eurovoc.europa.eu/schema#Country,http://purl.org/dc/elements/1.1/identifier,http://www.w3.org/2001/XMLSchema#string,240
http://eurovoc.europa.eu/schema#ThesaurusConcept,http://eurovoc.europa.eu/schema#useInstead,http://www.w3.org/2004/02/skos/core#Concept,26
http://www.w3.org/2004/02/skos/core#Concept,http://www.w3.org/2004/02/skos/core#inScheme,http://eurovoc.europa.eu/schema#MicroThesaurus,7234
http://www.w3.org/2004/02/skos/core#ConceptScheme,http://purl.org/dc/elements/1.1/identifier,http://www.w3.org/2001/XMLSchema#string,127
http://eurovoc.europa.eu/schema#Country,http://www.w3.org/2004/02/skos/core#prefLabel,http://www.w3.org/1999/02/22-rdf-syntax-ns#langString,5747
http://eurovoc.europa.eu/schema#Country,http://eurovoc.europa.eu/schema#approvedForRelease,http://www.w3.org/2001/XMLSchema#string,6
http://eurovoc.europa.eu/schema#SimpleNonPreferredTerm,http://eurovoc.europa.eu/schema#acronym,http://www.w3.org/2008/05/skos-xl#Label,2261
http://eurovoc.europa.eu/schema#Export,http://eurovoc.europa.eu/schema#exportVersion,http://www.w3.org/1999/02/22-rdf-syntax-ns#langString,1
http://eurovoc.europa.eu/schema#Country,http://www.w3.org/2004/02/skos/core#inScheme,http://eurovoc.europa.eu/schema#Thesaurus,240
http://www.w3.org/2008/05/skos-xl#Label,http://www.w3.org/2008/05/skos-xl#labelRelation,http://www.w3.org/2008/05/skos-xl#Label,7214
http://eurovoc.europa.eu/schema#PreferredTerm,http://eurovoc.europa.eu/schema#fullName,http://eurovoc.europa.eu/schema#SimpleNonPreferredTerm,262
http://eurovoc.europa.eu/schema#SimpleNonPreferredTerm,http://www.w3.org/2004/02/skos/core#scopeNote,,75
http://eurovoc.europa.eu/schema#MicroThesaurus,http://eurovoc.europa.eu/schema#toBeTranslated,http://www.w3.org/2001/XMLSchema#string,126
http://www.w3.org/2004/02/skos/core#ConceptScheme,http://eurovoc.europa.eu/schema#domain,http://eurovoc.europa.eu/schema#Domain,127
http://eurovoc.europa.eu/schema#SimpleNonPreferredTerm,http://eurovoc.europa.eu/schema#termReleasedWithVersion,http://www.w3.org/2001/XMLSchema#string,164201
http://eurovoc.europa.eu/schema#Domain,http://eurovoc.europa.eu/schema#hasPolyHierarchy,http://www.w3.org/2001/XMLSchema#boolean,21
http://eurovoc.europa.eu/schema#Domain,http://purl.org/dc/elements/1.1/identifier,http://www.w3.org/2001/XMLSchema#string,21
http://eurovoc.europa.eu/schema#Country,http://www.w3.org/2004/02/skos/core#broader,http://eurovoc.europa.eu/schema#ThesaurusConcept,798
http://eurovoc.europa.eu/schema#Country,http://www.w3.org/2004/02/skos/core#definition,,88
http://eurovoc.europa.eu/schema#PreferredTerm,http://www.w3.org/1999/02/22-rdf-syntax-ns#type,http://eurovoc.europa.eu/schema#PreferredTerm,330382
http://eurovoc.europa.eu/schema#PreferredTerm,http://eurovoc.europa.eu/schema#fullName,http://www.w3.org/2008/05/skos-xl#Label,262
http://eurovoc.europa.eu/schema#SimpleNonPreferredTerm,http://eurovoc.europa.eu/schema#shortName,http://eurovoc.europa.eu/schema#PreferredTerm,41
http://eurovoc.europa.eu/schema#EquivalenceRelationship,http://eurovoc.europa.eu/schema#UF,http://eurovoc.europa.eu/schema#SimpleNonPreferredTerm,164201
http://www.w3.org/2008/05/skos-xl#Label,http://eurovoc.europa.eu/schema#shortName,http://www.w3.org/2008/05/skos-xl#Label,158
http://www.w3.org/2008/05/skos-xl#Label,http://eurovoc.europa.eu/schema#toBeTranslated,http://www.w3.org/2001/XMLSchema#string,5331
http://eurovoc.europa.eu/schema#SimpleNonPreferredTerm,http://eurovoc.europa.eu/schema#fullName,http://eurovoc.europa.eu/schema#SimpleNonPreferredTerm,2097
http://eurovoc.europa.eu/schema#Domain,http://eurovoc.europa.eu/schema#toBeTranslated,http://www.w3.org/2001/XMLSchema#string,21
http://www.w3.org/2004/02/skos/core#Concept,http://www.w3.org/2004/02/skos/core#historyNote,,1311
http://eurovoc.europa.eu/schema#Country,http://www.w3.org/2004/02/skos/core#broader,http://www.w3.org/2004/02/skos/core#Concept,798
http://eurovoc.europa.eu/schema#EquivalenceRelationship,http://eurovoc.europa.eu/schema#USE,http://eurovoc.europa.eu/schema#PreferredTerm,76012
http://eurovoc.europa.eu/schema#MicroThesaurus,http://www.w3.org/1999/02/22-rdf-syntax-ns#type,http://eurovoc.europa.eu/schema#MicroThesaurus,254
http://eurovoc.europa.eu/schema#SimpleNonPreferredTerm,http://eurovoc.europa.eu/schema#shortName,http://eurovoc.europa.eu/schema#SimpleNonPreferredTerm,57
http://eurovoc.europa.eu/schema#SimpleNonPreferredTerm,http://eurovoc.europa.eu/schema#acronym,http://eurovoc.europa.eu/schema#SimpleNonPreferredTerm,2040
http://www.w3.org/2008/05/skos-xl#Label,http://www.w3.org/2004/02/skos/core#historyNote,,4
http://www.w3.org/2004/02/skos/core#Concept,http://www.w3.org/1999/02/22-rdf-syntax-ns#type,http://www.w3.org/2004/02/skos/core#Concept,13766
http://www.w3.org/2004/02/skos/core#Concept,http://eurovoc.europa.eu/schema#useInstead,http://eurovoc.europa.eu/schema#ThesaurusConcept,23
http://eurovoc.europa.eu/schema#ThesaurusConcept,http://www.w3.org/2004/02/skos/core#broader,http://eurovoc.europa.eu/schema#ThesaurusConcept,6114
http://eurovoc.europa.eu/schema#PreferredTerm,http://eurovoc.europa.eu/schema#shortName,http://eurovoc.europa.eu/schema#SimpleNonPreferredTerm,60
http://eurovoc.europa.eu/schema#SimpleNonPreferredTerm,http://www.w3.org/2008/05/skos-xl#labelRelation,http://eurovoc.europa.eu/schema#SimpleNonPreferredTerm,4250
http://eurovoc.europa.eu/schema#PreferredTerm,http://eurovoc.europa.eu/schema#translationOf,http://www.w3.org/2008/05/skos-xl#Label,87
http://eurovoc.europa.eu/schema#CompoundEquivalence,http://eurovoc.europa.eu/schema#preferredTermComponent,http://eurovoc.europa.eu/schema#PreferredTerm,88
http://eurovoc.europa.eu/schema#MicroThesaurus,http://purl.org/dc/elements/1.1/identifier,http://www.w3.org/2001/XMLSchema#string,127
http://eurovoc.europa.eu/schema#CompoundNonPreferredTerm,http://www.w3.org/1999/02/22-rdf-syntax-ns#type,http://eurovoc.europa.eu/schema#CompoundNonPreferredTerm,88
http://eurovoc.europa.eu/schema#Country,http://www.w3.org/2004/02/skos/core#broaderTransitive,http://www.w3.org/2004/02/skos/core#Concept,798
http://www.w3.org/2008/05/skos-xl#Label,http://purl.org/dc/terms/created,http://www.w3.org/2001/XMLSchema#dateTime,18
http://eurovoc.europa.eu/schema#Country,http://www.w3.org/2004/02/skos/core#inScheme,http://eurovoc.europa.eu/schema#MicroThesaurus,568
http://eurovoc.europa.eu/schema#Country,http://www.w3.org/2008/05/skos-xl#prefLabel,http://www.w3.org/2008/05/skos-xl#Label,5760
http://eurovoc.europa.eu/schema#Country,http://www.w3.org/2008/05/skos-xl#prefLabel,http://eurovoc.europa.eu/schema#PreferredTerm,5760
http://eurovoc.europa.eu/schema#EquivalenceRelationship,http://www.w3.org/1999/02/22-rdf-syntax-ns#type,http://eurovoc.europa.eu/schema#EquivalenceRelationship,76012
http://eurovoc.europa.eu/schema#Export,http://eurovoc.europa.eu/schema#exportedThesaurus,http://eurovoc.europa.eu/schema#Thesaurus,1
http://eurovoc.europa.eu/schema#ThesaurusConcept,http://www.w3.org/2004/02/skos/core#related,http://eurovoc.europa.eu/schema#ThesaurusConcept,4845
http://www.w3.org/2004/02/skos/core#Concept,http://purl.org/dc/terms/created,http://www.w3.org/2001/XMLSchema#dateTime,204
http://www.w3.org/2008/05/skos-xl#Label,http://eurovoc.europa.eu/schema#translationOf,http://eurovoc.europa.eu/schema#SimpleNonPreferredTerm,143
http://eurovoc.europa.eu/schema#Export,http://eurovoc.europa.eu/schema#exportDate,http://www.w3.org/2001/XMLSchema#dateTime,1
http://www.w3.org/2004/02/skos/core#Concept,http://www.w3.org/2004/02/skos/core#altLabel,http://www.w3.org/2001/XMLSchema#string,240
http://www.w3.org/2004/02/skos/core#Concept,http://www.w3.org/2004/02/skos/core#altLabel,http://www.w3.org/1999/02/22-rdf-syntax-ns#langString,164285
http://eurovoc.europa.eu/schema#ThesaurusConcept,http://www.w3.org/2004/02/skos/core#historyNote,,1158
http://www.w3.org/2008/05/skos-xl#Label,http://eurovoc.europa.eu/schema#acronym,http://www.w3.org/2008/05/skos-xl#Label,3375
http://eurovoc.europa.eu/schema#PreferredTerm,http://purl.org/dc/terms/created,http://www.w3.org/2001/XMLSchema#dateTime,12
http://eurovoc.europa.eu/schema#ThesaurusConcept,http://www.w3.org/2004/02/skos/core#definition,,3467
http://eurovoc.europa.eu/schema#SimpleNonPreferredTerm,http://eurovoc.europa.eu/schema#translationOf,http://eurovoc.europa.eu/schema#SimpleNonPreferredTerm,56
http://eurovoc.europa.eu/schema#Country,http://www.w3.org/2008/05/skos-xl#altLabel,http://eurovoc.europa.eu/schema#SimpleNonPreferredTerm,6801
http://eurovoc.europa.eu/schema#ThesaurusConcept,http://purl.org/dc/terms/created,http://www.w3.org/2001/XMLSchema#dateTime,198
http://eurovoc.europa.eu/schema#CompoundNonPreferredTerm,http://purl.org/dc/terms/created,http://www.w3.org/2001/XMLSchema#dateTime,2
http://eurovoc.europa.eu/schema#CompoundNonPreferredTerm,http://www.w3.org/2008/05/skos-xl#literalForm,http://www.w3.org/1999/02/22-rdf-syntax-ns#langString,44
http://www.w3.org/2008/05/skos-xl#Label,http://eurovoc.europa.eu/schema#fullName,http://eurovoc.europa.eu/schema#PreferredTerm,1174
http://eurovoc.europa.eu/schema#MicroThesaurus,http://www.w3.org/2004/02/skos/core#hasTopConcept,http://eurovoc.europa.eu/schema#ThesaurusConcept,532
http://eurovoc.europa.eu/schema#ThesaurusConcept,http://www.w3.org/1999/02/22-rdf-syntax-ns#type,http://eurovoc.europa.eu/schema#ThesaurusConcept,13286
http://www.w3.org/2004/02/skos/core#Concept,http://www.w3.org/2004/02/skos/core#inScheme,http://www.w3.org/2004/02/skos/core#ConceptScheme,14117
http://eurovoc.europa.eu/schema#ThesaurusConcept,http://www.w3.org/2004/02/skos/core#scopeNote,,17009
http://www.w3.org/2004/02/skos/core#Concept,http://purl.org/dc/terms/modified,http://www.w3.org/2001/XMLSchema#dateTime,155
http://eurovoc.europa.eu/schema#SimpleNonPreferredTerm,http://eurovoc.europa.eu/schema#shortName,http://www.w3.org/2008/05/skos-xl#Label,98
http://eurovoc.europa.eu/schema#Language,http://www.w3.org/1999/02/22-rdf-syntax-ns#type,http://eurovoc.europa.eu/schema#Language,24
http://www.w3.org/2004/02/skos/core#ConceptScheme,http://www.w3.org/2004/02/skos/core#prefLabel,http://www.w3.org/2001/XMLSchema#string,1
http://www.w3.org/2004/02/skos/core#ConceptScheme,http://www.w3.org/2004/02/skos/core#prefLabel,http://www.w3.org/1999/02/22-rdf-syntax-ns#langString,3072
http://eurovoc.europa.eu/schema#Country,http://www.w3.org/2004/02/skos/core#historyNote,,153
http://eurovoc.europa.eu/schema#Country,http://www.w3.org/2008/05/skos-xl#altLabel,http://www.w3.org/2008/05/skos-xl#Label,6801
http://www.w3.org/2004/02/skos/core#ConceptScheme,http://eurovoc.europa.eu/schema#hasPolyHierarchy,http://www.w3.org/2001/XMLSchema#boolean,1
http://eurovoc.europa.eu/schema#MicroThesaurus,http://eurovoc.europa.eu/schema#domain,http://eurovoc.europa.eu/schema#Domain,127
http://eurovoc.europa.eu/schema#ThesaurusConcept,http://www.w3.org/2008/05/skos-xl#prefLabel,http://eurovoc.europa.eu/schema#PreferredTerm,159431
http://eurovoc.europa.eu/schema#SimpleNonPreferredTerm,http://www.w3.org/2008/05/skos-xl#labelRelation,http://eurovoc.europa.eu/schema#PreferredTerm,1441
http://eurovoc.europa.eu/schema#ThesaurusConcept,http://www.w3.org/2004/02/skos/core#prefLabel,http://www.w3.org/1999/02/22-rdf-syntax-ns#langString,154113
http://eurovoc.europa.eu/schema#Language,http://www.w3.org/2000/01/rdf-schema#label,http://www.w3.org/1999/02/22-rdf-syntax-ns#langString,1056
http://www.w3.org/2004/02/skos/core#Concept,http://eurovoc.europa.eu/schema#isoCountryCode,http://www.w3.org/2001/XMLSchema#string,240
http://eurovoc.europa.eu/schema#Country,http://www.w3.org/2004/02/skos/core#related,http://eurovoc.europa.eu/schema#ThesaurusConcept,43
http://eurovoc.europa.eu/schema#ThesaurusConcept,http://www.w3.org/2004/02/skos/core#related,http://www.w3.org/2004/02/skos/core#Concept,4856
http://eurovoc.europa.eu/schema#SimpleNonPreferredTerm,http://purl.org/dc/terms/created,http://www.w3.org/2001/XMLSchema#dateTime,4
http://www.w3.org/2004/02/skos/core#Concept,http://eurovoc.europa.eu/schema#approvedForRelease,http://www.w3.org/2001/XMLSchema#string,225
http://eurovoc.europa.eu/schema#ThesaurusConcept,http://www.w3.org/2008/05/skos-xl#prefLabel,http://www.w3.org/2008/05/skos-xl#Label,159431
http://eurovoc.europa.eu/schema#ThesaurusConcept,http://eurovoc.europa.eu/schema#useInstead,http://eurovoc.europa.eu/schema#Country,3
http://eurovoc.europa.eu/schema#ThesaurusConcept,http://www.w3.org/2004/02/skos/core#broader,http://eurovoc.europa.eu/schema#Country,10
http://www.w3.org/2004/02/skos/core#ConceptScheme,http://www.w3.org/2004/02/skos/core#hasTopConcept,http://eurovoc.europa.eu/schema#ThesaurusConcept,532
http://eurovoc.europa.eu/schema#ThesaurusConcept,http://www.w3.org/2008/05/skos-xl#altLabel,http://eurovoc.europa.eu/schema#CompoundNonPreferredTerm,88
http://eurovoc.europa.eu/schema#ThesaurusConcept,http://www.w3.org/2004/02/skos/core#altLabel,http://www.w3.org/1999/02/22-rdf-syntax-ns#langString,157484
http://eurovoc.europa.eu/schema#SimpleNonPreferredTerm,http://eurovoc.europa.eu/schema#translationOf,http://www.w3.org/2008/05/skos-xl#Label,61
http://www.w3.org/2008/05/skos-xl#Label,http://eurovoc.europa.eu/schema#fullName,http://www.w3.org/2008/05/skos-xl#Label,3533
http://www.w3.org/2008/05/skos-xl#Label,http://eurovoc.europa.eu/schema#acronym,http://eurovoc.europa.eu/schema#SimpleNonPreferredTerm,3154
http://eurovoc.europa.eu/schema#Export,http://www.w3.org/1999/02/22-rdf-syntax-ns#type,http://eurovoc.europa.eu/schema#Export,1
http://www.w3.org/2004/02/skos/core#Concept,http://www.w3.org/2008/05/skos-xl#altLabel,http://eurovoc.europa.eu/schema#CompoundNonPreferredTerm,88
http://eurovoc.europa.eu/schema#ThesaurusConcept,http://purl.org/dc/terms/modified,http://www.w3.org/2001/XMLSchema#dateTime,151
http://www.w3.org/2004/02/skos/core#Concept,http://www.w3.org/2004/02/skos/core#scopeNote,,17107
http://www.w3.org/2004/02/skos/core#Concept,http://www.w3.org/2004/02/skos/core#broader,http://www.w3.org/2004/02/skos/core#Concept,6922
http://www.w3.org/2008/05/skos-xl#Label,http://eurovoc.europa.eu/schema#fullName,http://eurovoc.europa.eu/schema#SimpleNonPreferredTerm,2359
http://www.w3.org/2008/05/skos-xl#Label,http://eurovoc.europa.eu/schema#shortName,http://eurovoc.europa.eu/schema#SimpleNonPreferredTerm,117
http://eurovoc.europa.eu/schema#Thesaurus,http://www.w3.org/1999/02/22-rdf-syntax-ns#type,http://eurovoc.europa.eu/schema#Thesaurus,2
http://www.w3.org/2004/02/skos/core#Concept,http://eurovoc.europa.eu/schema#useInstead,http://eurovoc.europa.eu/schema#Country,3
http://eurovoc.europa.eu/schema#Country,http://www.w3.org/2004/02/skos/core#related,http://eurovoc.europa.eu/schema#Country,5
http://eurovoc.europa.eu/schema#SimpleNonPreferredTerm,http://www.w3.org/1999/02/22-rdf-syntax-ns#type,http://eurovoc.europa.eu/schema#SimpleNonPreferredTerm,328402
http://www.w3.org/2004/02/skos/core#Concept,http://www.w3.org/2008/05/skos-xl#altLabel,http://eurovoc.europa.eu/schema#SimpleNonPreferredTerm,164201
http://eurovoc.europa.eu/schema#Thesaurus,http://www.w3.org/2004/02/skos/core#prefLabel,http://www.w3.org/1999/02/22-rdf-syntax-ns#langString,24
http://www.w3.org/2004/02/skos/core#Concept,http://purl.org/dc/elements/1.1/identifier,http://www.w3.org/2001/XMLSchema#string,6883
http://eurovoc.europa.eu/schema#Thesaurus,http://www.w3.org/2004/02/skos/core#prefLabel,http://www.w3.org/2001/XMLSchema#string,1
http://eurovoc.europa.eu/schema#PreferredTerm,http://eurovoc.europa.eu/schema#acronym,http://eurovoc.europa.eu/schema#SimpleNonPreferredTerm,1114
http://eurovoc.europa.eu/schema#Country,http://www.w3.org/2004/02/skos/core#inScheme,http://www.w3.org/2004/02/skos/core#ConceptScheme,808
http://www.w3.org/2004/02/skos/core#Concept,http://www.w3.org/2004/02/skos/core#broaderTransitive,http://www.w3.org/2004/02/skos/core#Concept,6954
http://www.w3.org/2004/02/skos/core#Concept,http://eurovoc.europa.eu/schema#useInstead,http://www.w3.org/2004/02/skos/core#Concept,26
http://eurovoc.europa.eu/schema#PreferredTerm,http://www.w3.org/2008/05/skos-xl#labelRelation,http://eurovoc.europa.eu/schema#SimpleNonPreferredTerm,1523
http://eurovoc.europa.eu/schema#MicroThesaurus,http://eurovoc.europa.eu/schema#hasPolyHierarchy,http://www.w3.org/2001/XMLSchema#boolean,1
http://www.w3.org/2008/05/skos-xl#Label,http://www.w3.org/2008/05/skos-xl#labelRelation,http://eurovoc.europa.eu/schema#SimpleNonPreferredTerm,5773
http://eurovoc.europa.eu/schema#PreferredTerm,http://www.w3.org/2008/05/skos-xl#literalForm,http://www.w3.org/1999/02/22-rdf-syntax-ns#langString,165093
http://www.w3.org/2008/05/skos-xl#Label,http://eurovoc.europa.eu/schema#translationOf,http://eurovoc.europa.eu/schema#PreferredTerm,5
http://www.w3.org/2004/02/skos/core#Concept,http://www.w3.org/2004/02/skos/core#broader,http://eurovoc.europa.eu/schema#ThesaurusConcept,6912
http://eurovoc.europa.eu/schema#PreferredTerm,http://eurovoc.europa.eu/schema#termReleasedWithVersion,http://www.w3.org/2001/XMLSchema#string,165191
http://eurovoc.europa.eu/schema#SimpleNonPreferredTerm,http://www.w3.org/2008/05/skos-xl#labelRelation,http://www.w3.org/2008/05/skos-xl#Label,5691
http://eurovoc.europa.eu/schema#SimpleNonPreferredTerm,http://www.w3.org/2008/05/skos-xl#literalForm,http://www.w3.org/1999/02/22-rdf-syntax-ns#langString,164201
http://eurovoc.europa.eu/schema#PreferredTerm,http://www.w3.org/2008/05/skos-xl#labelRelation,http://www.w3.org/2008/05/skos-xl#Label,1523
http://www.w3.org/2004/02/skos/core#Concept,http://www.w3.org/2004/02/skos/core#inScheme,http://eurovoc.europa.eu/schema#Thesaurus,6883
http://eurovoc.europa.eu/schema#ThesaurusConcept,http://www.w3.org/2004/02/skos/core#related,http://eurovoc.europa.eu/schema#Country,11
http://www.w3.org/2004/02/skos/core#Concept,http://www.w3.org/2004/02/skos/core#topConceptOf,http://www.w3.org/2004/02/skos/core#ConceptScheme,532
http://eurovoc.europa.eu/schema#Export,http://eurovoc.europa.eu/schema#intermediateRelease,http://www.w3.org/2001/XMLSchema#boolean,1
http://eurovoc.europa.eu/schema#CompoundEquivalence,http://eurovoc.europa.eu/schema#compoundNonPreferredTerm,http://www.w3.org/2008/05/skos-xl#Label,44
http://eurovoc.europa.eu/schema#Country,http://www.w3.org/2004/02/skos/core#broaderTransitive,http://eurovoc.europa.eu/schema#ThesaurusConcept,798
http://www.w3.org/2008/05/skos-xl#Label,http://www.w3.org/2008/05/skos-xl#literalForm,http://www.w3.org/1999/02/22-rdf-syntax-ns#langString,329338
http://www.w3.org/2004/02/skos/core#Concept,http://www.w3.org/2008/05/skos-xl#altLabel,http://www.w3.org/2008/05/skos-xl#Label,164289
http://eurovoc.europa.eu/schema#PreferredTerm,http://eurovoc.europa.eu/schema#translationOf,http://eurovoc.europa.eu/schema#SimpleNonPreferredTerm,87
http://eurovoc.europa.eu/schema#ThesaurusConcept,http://www.w3.org/2004/02/skos/core#topConceptOf,http://www.w3.org/2004/02/skos/core#ConceptScheme,532
http://eurovoc.europa.eu/schema#ThesaurusConcept,http://www.w3.org/2004/02/skos/core#broader,http://www.w3.org/2004/02/skos/core#Concept,6124
http://eurovoc.europa.eu/schema#Country,http://eurovoc.europa.eu/schema#isoCountryCode,http://www.w3.org/2001/XMLSchema#string,240
http://www.w3.org/2008/05/skos-xl#Label,http://eurovoc.europa.eu/schema#termReleasedWithVersion,http://www.w3.org/2001/XMLSchema#string,329436
http://www.w3.org/2004/02/skos/core#ConceptScheme,http://www.w3.org/1999/02/22-rdf-syntax-ns#type,http://www.w3.org/2004/02/skos/core#ConceptScheme,256
http://eurovoc.europa.eu/schema#ThesaurusConcept,http://www.w3.org/2004/02/skos/core#inScheme,http://www.w3.org/2004/02/skos/core#ConceptScheme,13309
http://www.w3.org/2004/02/skos/core#ConceptScheme,http://www.w3.org/2004/02/skos/core#hasTopConcept,http://www.w3.org/2004/02/skos/core#Concept,532
http://www.w3.org/2004/02/skos/core#Concept,http://www.w3.org/2004/02/skos/core#related,http://eurovoc.europa.eu/schema#ThesaurusConcept,4888
http://www.w3.org/2008/05/skos-xl#Label,http://www.w3.org/2004/02/skos/core#scopeNote,,75
http://www.w3.org/2004/02/skos/core#Concept,http://www.w3.org/2004/02/skos/core#broaderTransitive,http://eurovoc.europa.eu/schema#ThesaurusConcept,6954
http://eurovoc.europa.eu/schema#MicroThesaurus,http://www.w3.org/2004/02/skos/core#hasTopConcept,http://www.w3.org/2004/02/skos/core#Concept,532
http://eurovoc.europa.eu/schema#CompoundNonPreferredTerm,http://eurovoc.europa.eu/schema#termReleasedWithVersion,http://www.w3.org/2001/XMLSchema#string,44
http://www.w3.org/2004/02/skos/core#Concept,http://www.w3.org/2004/02/skos/core#related,http://www.w3.org/2004/02/skos/core#Concept,4904
http://eurovoc.europa.eu/schema#Domain,http://www.w3.org/2004/02/skos/core#prefLabel,http://www.w3.org/1999/02/22-rdf-syntax-ns#langString,504
http://www.w3.org/2008/05/skos-xl#Label,http://www.w3.org/2008/05/skos-xl#labelRelation,http://eurovoc.europa.eu/schema#PreferredTerm,1441
http://www.w3.org/2004/02/skos/core#ConceptScheme,http://eurovoc.europa.eu/schema#toBeTranslated,http://www.w3.org/2001/XMLSchema#string,126
http://www.w3.org/2004/02/skos/core#Concept,http://www.w3.org/2008/05/skos-xl#prefLabel,http://eurovoc.europa.eu/schema#PreferredTerm,165191
http://www.w3.org/2008/05/skos-xl#Label,http://www.w3.org/2004/02/skos/core#definition,,87
http://eurovoc.europa.eu/schema#PreferredTerm,http://eurovoc.europa.eu/schema#acronym,http://www.w3.org/2008/05/skos-xl#Label,1114
http://www.w3.org/2004/02/skos/core#Concept,http://www.w3.org/2004/02/skos/core#definition,,3555
http://www.w3.org/2008/05/skos-xl#Label,http://eurovoc.europa.eu/schema#acronym,http://eurovoc.europa.eu/schema#PreferredTerm,221
http://www.w3.org/2004/02/skos/core#Concept,http://www.w3.org/2004/02/skos/core#prefLabel,http://www.w3.org/1999/02/22-rdf-syntax-ns#langString,159860
http://www.w3.org/2004/02/skos/core#Concept,http://www.w3.org/2004/02/skos/core#topConceptOf,http://eurovoc.europa.eu/schema#MicroThesaurus,532
http://eurovoc.europa.eu/schema#Domain,http://www.w3.org/1999/02/22-rdf-syntax-ns#type,http://eurovoc.europa.eu/schema#Domain,21
http://eurovoc.europa.eu/schema#PreferredTerm,http://eurovoc.europa.eu/schema#toBeTranslated,http://www.w3.org/2001/XMLSchema#string,5331
http://www.w3.org/2004/02/skos/core#Concept,http://www.w3.org/2008/05/skos-xl#prefLabel,http://www.w3.org/2008/05/skos-xl#Label,165191
http://eurovoc.europa.eu/schema#SimpleNonPreferredTerm,http://eurovoc.europa.eu/schema#acronym,http://eurovoc.europa.eu/schema#PreferredTerm,221
http://www.w3.org/2004/02/skos/core#Concept,http://www.w3.org/2004/02/skos/core#related,http://eurovoc.europa.eu/schema#Country,16
http://eurovoc.europa.eu/schema#Country,http://www.w3.org/2004/02/skos/core#scopeNote,,98
http://eurovoc.europa.eu/schema#MicroThesaurus,http://www.w3.org/2004/02/skos/core#prefLabel,http://www.w3.org/1999/02/22-rdf-syntax-ns#langString,3048
http://eurovoc.europa.eu/schema#SimpleNonPreferredTerm,http://eurovoc.europa.eu/schema#translationOf,http://eurovoc.europa.eu/schema#PreferredTerm,5
http://eurovoc.europa.eu/schema#Country,http://www.w3.org/2004/02/skos/core#related,http://www.w3.org/2004/02/skos/core#Concept,48
http://eurovoc.europa.eu/schema#EquivalenceRelationship,http://eurovoc.europa.eu/schema#USE,http://www.w3.org/2008/05/skos-xl#Label,76012
http://eurovoc.europa.eu/schema#Country,http://www.w3.org/2004/02/skos/core#altLabel,http://www.w3.org/1999/02/22-rdf-syntax-ns#langString,6801
http://eurovoc.europa.eu/schema#Export,http://eurovoc.europa.eu/schema#exportedThesaurus,http://www.w3.org/2004/02/skos/core#ConceptScheme,1
http://eurovoc.europa.eu/schema#ThesaurusConcept,http://www.w3.org/2004/02/skos/core#broaderTransitive,http://www.w3.org/2004/02/skos/core#Concept,6156
http://eurovoc.europa.eu/schema#ThesaurusConcept,http://www.w3.org/2004/02/skos/core#topConceptOf,http://eurovoc.europa.eu/schema#MicroThesaurus,532
http://eurovoc.europa.eu/schema#Country,http://www.w3.org/2004/02/skos/core#altLabel,http://www.w3.org/2001/XMLSchema#string,240
http://www.w3.org/2004/02/skos/core#ConceptScheme,http://eurovoc.europa.eu/schema#supportedLanguage,http://eurovoc.europa.eu/schema#Language,24
